
console.log([] + 1);//"" + 1 =  "1"
console.log({} + 1);//[object obect]1
console.log([] - 1);//0 -1 = -1
console.log({} - 1);//nan
console.log([1] + 1);//"1" + 1 = "11"
console.log({key: "key"} + 1); //nan
console.log([5] - 1); // [5] to "5" to 5 -1 =4
console.log({key: "key"} - 1);//nan
console.log([] == 1);//0==1 = false
console.log({} == 1);//false
console.log([] == false); // "" to falsh to 0 == 0 = true
console.log({} == false); // false
console.log([] - true);//"" to 0 -1 = -1
console.log({} + true);//[object obect]1
console.log([] - false);//0 -0 = 0
console.log({} + false);//[object obect]1
console.log(!!""); //"" to 0 and !!0 = false
console.log(true + false); //1+0=1
console.log(1 < 2 < 3); // 1<2= t=1<3=t
console.log(3 > 2 > 1); // 3>2=t=1>1=f
console.log( [1] + []); // "1" + "" = "1"
console.log({} + {}); // [object Object][object Object]
console.log({} + [])//[object object] or 0
console.log(5 == "5"); //"5" == "5" = t
console.log(5 === "5");//flase
console.log("10" - -"5"); // -"5" to -5 = 10 - (-5) = 10+5 =15
console.log("10" + +"5"); // "105"
console.log("foo" + +"bar"); // "fooNaN"
console.log(1 + '2' + 3); // "123"
console.log(0.1 + 0.2 === 0.3); // false
console.log(1 || 0 && 0 || 1); //0 && 0 =0, 1||0 =1, 1||1 =1
console.log([] instanceof Array); // true
console.log([] instanceof Array); // true
console.log(null == undefined); // true
console.log(!!null); //null= 0= !!0 =false
console.log(typeof function() {}); // "function"
console.log(typeof null); // "object"
console.log([] instanceof Array); // true
console.log(typeof function() {}); // "function"
console.log([1, 2] + [3, 4]); // "1,23,4"
console.log(true + false); //1+0 =  1